2024.05.20 22:33:09 INFO  Started: Metals version 1.3.0 in folders '/Users/james/Documents/code/barcrawler' for client Visual Studio Code 1.88.0.
SLF4J: Class path contains multiple SLF4J providers.
SLF4J: Found provider [scribe.slf4j.ScribeServiceProvider@67341c70]
SLF4J: Found provider [ch.qos.logback.classic.spi.LogbackServiceProvider@3a952bd1]
SLF4J: See https://www.slf4j.org/codes.html#multiple_bindings for an explanation.
SLF4J: Actual provider is of type [scribe.slf4j.ScribeServiceProvider@67341c70]
2024.05.20 22:33:09 WARN  Flyway upgrade recommended: H2 2.2.224 is newer than this version of Flyway and support has not been tested. The latest supported version of H2 is 2.2.220.
2024.05.20 22:33:09 WARN  no build tool detected in workspace '/Users/james/Documents/code/barcrawler'. The most common cause for this problem is that the editor was opened in the wrong working directory, for example if you use sbt then the workspace directory should contain build.sbt. 
2024.05.20 22:33:09 WARN  Build server is not auto-connectable.
2024.05.27 21:45:18 INFO  Shutting down server
2024.05.27 21:45:18 INFO  shutting down Metals
2024.05.27 21:45:18 INFO  Exiting server
2024.06.15 12:04:19 INFO  Started: Metals version 1.3.1 in folders '/Users/james/Documents/code/barcrawler' for client Visual Studio Code 1.88.0.
SLF4J(W): Class path contains multiple SLF4J providers.
SLF4J(W): Found provider [scribe.slf4j.ScribeServiceProvider@5911d71a]
SLF4J(W): Found provider [ch.qos.logback.classic.spi.LogbackServiceProvider@201a52e6]
SLF4J(W): See https://www.slf4j.org/codes.html#multiple_bindings for an explanation.
SLF4J(I): Actual provider is of type [scribe.slf4j.ScribeServiceProvider@5911d71a]
2024.06.15 12:04:19 WARN  Flyway upgrade recommended: H2 2.2.224 is newer than this version of Flyway and support has not been tested. The latest supported version of H2 is 2.2.220.
2024.06.15 12:04:19 WARN  no build tool detected in workspace '/Users/james/Documents/code/barcrawler'. The most common cause for this problem is that the editor was opened in the wrong working directory, for example if you use sbt then the workspace directory should contain build.sbt. 
2024.06.15 12:04:19 WARN  Build server is not auto-connectable.
Jun 15, 2024 12:04:25 PM org.eclipse.lsp4j.jsonrpc.services.GenericEndpoint notify
INFO: Unsupported notification method: $/setTrace
